<?xml version="1.0" encoding="UTF-8"?>
<!-- Generated by org.testng.reporters.JUnitReportReporter -->
<testsuite hostname="LAPTOP-0KIJQR8K" failures="0" tests="1" name="Edit.EducacionIT27Jun2022.Laboratorio7" time="0.375" errors="0" timestamp="2022-07-24T18:56:42 EST" skipped="0">
  <testcase classname="Edit.EducacionIT27Jun2022.Laboratorio7" name="alertaTexto" time="0.375"/>
  <system-out/>
</testsuite> <!-- Edit.EducacionIT27Jun2022.Laboratorio7 -->
