<?xml version="1.0" encoding="UTF-8"?>
<!-- Generated by org.testng.reporters.JUnitReportReporter -->
<testsuite hostname="LAPTOP-0KIJQR8K" failures="0" tests="5" name="Pruebas.Laboratorio8" time="21.867" errors="0" timestamp="2022-08-23T16:33:24 EST" skipped="0">
  <testcase classname="Pruebas.Laboratorio8" name="login" time="3.255"/>
  <system-out/>
  <testcase classname="Pruebas.Laboratorio8" name="login" time="4.471"/>
  <system-out/>
  <testcase classname="Pruebas.Laboratorio8" name="login" time="3.329"/>
  <system-out/>
  <testcase classname="Pruebas.Laboratorio8" name="login" time="3.639"/>
  <system-out/>
  <testcase classname="Pruebas.Laboratorio8" name="login" time="7.173"/>
  <system-out/>
</testsuite> <!-- Pruebas.Laboratorio8 -->
