<?xml version="1.0" encoding="UTF-8"?>
<!-- Generated by org.testng.reporters.JUnitReportReporter -->
<testsuite hostname="LAPTOP-0KIJQR8K" failures="0" tests="1" name="Edit.EducacionIT27Jun2022.AppTest" time="0.029" errors="0" timestamp="2022-08-16T18:26:01 EST" skipped="0">
  <testcase classname="Edit.EducacionIT27Jun2022.AppTest" name="imprimirEnConsola" time="0.029"/>
  <system-out/>
</testsuite> <!-- Edit.EducacionIT27Jun2022.AppTest -->
