<?xml version="1.0" encoding="UTF-8"?>
<!-- Generated by org.testng.reporters.JUnitReportReporter -->
<testsuite hostname="LAPTOP-0KIJQR8K" failures="0" tests="1" name="Pruebas.MobileEmulation" time="26.150" errors="0" timestamp="2022-08-23T15:39:23 EST" skipped="0">
  <testcase classname="Pruebas.MobileEmulation" name="testMobileEmulation" time="26.150"/>
  <system-out/>
</testsuite> <!-- Pruebas.MobileEmulation -->
