<?xml version="1.0" encoding="UTF-8"?>
<!-- Generated by org.testng.reporters.JUnitReportReporter -->
<testsuite hostname="LAPTOP-0KIJQR8K" failures="0" tests="1" name="Pruebas.ScrollScreenshot" time="36.909" errors="0" timestamp="2022-08-23T15:35:45 EST" skipped="0">
  <testcase classname="Pruebas.ScrollScreenshot" name="scrollScreenshotTest" time="36.909"/>
  <system-out/>
</testsuite> <!-- Pruebas.ScrollScreenshot -->
